2026-03-31 13:37:21.129 | INFO     | main:lifespan:20 - 🚀 AI Microservice starting up...
2026-03-31 13:37:21.130 | INFO     | app.core.nlp_engine:__init__:83 - Loading spaCy model en_core_web_sm...
2026-03-31 13:37:21.600 | INFO     | app.core.nlp_engine:__init__:97 - NLP Engine initialized successfully.
2026-03-31 13:37:21.602 | INFO     | main:lifespan:23 - ✅ spaCy model loaded: core_web_sm
2026-03-31 14:32:46.626 | INFO     | main:lifespan:20 - 🚀 AI Microservice starting up...
2026-03-31 14:32:46.627 | INFO     | app.core.nlp_engine:__init__:83 - Loading spaCy model en_core_web_sm...
2026-03-31 14:32:47.418 | INFO     | app.core.nlp_engine:__init__:97 - NLP Engine initialized successfully.
2026-03-31 14:32:47.419 | INFO     | main:lifespan:23 - ✅ spaCy model loaded: core_web_sm
2026-03-31 14:37:31.492 | INFO     | main:lifespan:20 - 🚀 AI Microservice starting up...
2026-03-31 14:37:31.492 | INFO     | app.core.nlp_engine:__init__:83 - Loading spaCy model en_core_web_sm...
2026-03-31 14:37:31.925 | INFO     | app.core.nlp_engine:__init__:97 - NLP Engine initialized successfully.
2026-03-31 14:37:31.926 | INFO     | main:lifespan:23 - ✅ spaCy model loaded: core_web_sm
2026-03-31 23:12:51.497 | INFO     | main:lifespan:20 - 🚀 AI Microservice starting up...
2026-03-31 23:12:51.499 | INFO     | app.core.nlp_engine:__init__:83 - Loading spaCy model en_core_web_sm...
2026-03-31 23:12:51.938 | INFO     | app.core.nlp_engine:__init__:97 - NLP Engine initialized successfully.
2026-03-31 23:12:51.940 | INFO     | main:lifespan:23 - ✅ spaCy model loaded: core_web_sm
2026-03-31 23:20:44.348 | INFO     | main:lifespan:20 - 🚀 AI Microservice starting up...
2026-03-31 23:20:44.349 | INFO     | app.core.nlp_engine:__init__:83 - Loading spaCy model en_core_web_sm...
2026-03-31 23:20:44.847 | INFO     | app.core.nlp_engine:__init__:97 - NLP Engine initialized successfully.
2026-03-31 23:20:44.848 | INFO     | main:lifespan:23 - ✅ spaCy model loaded: core_web_sm
2026-03-31 23:22:27.760 | INFO     | app.routes.analyze:analyze_resume:32 - Analysis complete | skills=20 | similarity=0.0%
2026-03-31 23:32:19.267 | INFO     | app.routes.analyze:analyze_resume:32 - Analysis complete | skills=20 | similarity=0.0%
2026-03-31 23:32:30.340 | INFO     | app.routes.analyze:analyze_resume:32 - Analysis complete | skills=20 | similarity=0.0%
2026-03-31 23:32:42.012 | INFO     | app.routes.analyze:analyze_resume:32 - Analysis complete | skills=19 | similarity=0.0%
2026-03-31 23:33:03.465 | INFO     | app.routes.analyze:analyze_resume:32 - Analysis complete | skills=19 | similarity=0.0%
2026-04-01 00:09:32.421 | INFO     | app.routes.analyze:analyze_resume:32 - Analysis complete | skills=20 | similarity=0.0%
