2026-03-05 18:03:33 [error]: Error: listen EADDRINUSE: address already in use :::5000
    at Server.setupListenHandle [as _listen2] (node:net:1940:16)
    at listenInCluster (node:net:1997:12)
    at Server.listen (node:net:2102:7)
    at app.listen (C:\Users\Rushikesh\OneDrive\Desktop\ai-resume analyzer\backend\node_modules\express\lib\application.js:635:24)
    at bootstrap (C:\Users\Rushikesh\OneDrive\Desktop\ai-resume analyzer\backend\src\server.ts:32:28)
    at processTicksAndRejections (node:internal/process/task_queues:105:5)
{
  "error": {
    "code": "EADDRINUSE",
    "errno": -4091,
    "syscall": "listen",
    "address": "::",
    "port": 5000
  },
  "exception": true,
  "date": "Thu Mar 05 2026 18:03:33 GMT+0530 (India Standard Time)",
  "process": {
    "pid": 11108,
    "uid": null,
    "gid": null,
    "cwd": "C:\\Users\\Rushikesh\\OneDrive\\Desktop\\ai-resume analyzer\\backend",
    "execPath": "C:\\Program Files\\nodejs\\node.exe",
    "version": "v24.4.0",
    "argv": [
      "C:\\Program Files\\nodejs\\node.exe",
      "src/server.ts"
    ],
    "memoryUsage": {
      "rss": 157089792,
      "heapTotal": 114577408,
      "heapUsed": 63648680,
      "external": 22500853,
      "arrayBuffers": 18545608
    }
  },
  "os": {
    "loadavg": [
      0,
      0,
      0
    ],
    "uptime": 274812.234
  },
  "trace": [
    {
      "column": 16,
      "file": "node:net",
      "function": "Server.setupListenHandle [as _listen2]",
      "line": 1940,
      "method": "setupListenHandle [as _listen2]",
      "native": false
    },
    {
      "column": 12,
      "file": "node:net",
      "function": "listenInCluster",
      "line": 1997,
      "method": null,
      "native": false
    },
    {
      "column": 7,
      "file": "node:net",
      "function": "Server.listen",
      "line": 2102,
      "method": "listen",
      "native": false
    },
    {
      "column": 24,
      "file": "C:\\Users\\Rushikesh\\OneDrive\\Desktop\\ai-resume analyzer\\backend\\node_modules\\express\\lib\\application.js",
      "function": "app.listen",
      "line": 635,
      "method": "listen",
      "native": false
    },
    {
      "column": 28,
      "file": "C:\\Users\\Rushikesh\\OneDrive\\Desktop\\ai-resume analyzer\\backend\\src\\server.ts",
      "function": "bootstrap",
      "line": 32,
      "method": null,
      "native": false
    },
    {
      "column": 5,
      "file": "node:internal/process/task_queues",
      "function": "processTicksAndRejections",
      "line": 105,
      "method": null,
      "native": false
    }
  ]
}
2026-03-05 18:06:57 [error]: Error: listen EADDRINUSE: address already in use :::5000
    at Server.setupListenHandle [as _listen2] (node:net:1940:16)
    at listenInCluster (node:net:1997:12)
    at Server.listen (node:net:2102:7)
    at app.listen (C:\Users\Rushikesh\OneDrive\Desktop\ai-resume analyzer\backend\node_modules\express\lib\application.js:635:24)
    at bootstrap (C:\Users\Rushikesh\OneDrive\Desktop\ai-resume analyzer\backend\src\server.ts:32:28)
    at processTicksAndRejections (node:internal/process/task_queues:105:5)
{
  "error": {
    "code": "EADDRINUSE",
    "errno": -4091,
    "syscall": "listen",
    "address": "::",
    "port": 5000
  },
  "exception": true,
  "date": "Thu Mar 05 2026 18:06:57 GMT+0530 (India Standard Time)",
  "process": {
    "pid": 9004,
    "uid": null,
    "gid": null,
    "cwd": "C:\\Users\\Rushikesh\\OneDrive\\Desktop\\ai-resume analyzer\\backend",
    "execPath": "C:\\Program Files\\nodejs\\node.exe",
    "version": "v24.4.0",
    "argv": [
      "C:\\Program Files\\nodejs\\node.exe",
      "src/server.ts"
    ],
    "memoryUsage": {
      "rss": 155054080,
      "heapTotal": 115101696,
      "heapUsed": 63456144,
      "external": 22501223,
      "arrayBuffers": 18545978
    }
  },
  "os": {
    "loadavg": [
      0,
      0,
      0
    ],
    "uptime": 275016.312
  },
  "trace": [
    {
      "column": 16,
      "file": "node:net",
      "function": "Server.setupListenHandle [as _listen2]",
      "line": 1940,
      "method": "setupListenHandle [as _listen2]",
      "native": false
    },
    {
      "column": 12,
      "file": "node:net",
      "function": "listenInCluster",
      "line": 1997,
      "method": null,
      "native": false
    },
    {
      "column": 7,
      "file": "node:net",
      "function": "Server.listen",
      "line": 2102,
      "method": "listen",
      "native": false
    },
    {
      "column": 24,
      "file": "C:\\Users\\Rushikesh\\OneDrive\\Desktop\\ai-resume analyzer\\backend\\node_modules\\express\\lib\\application.js",
      "function": "app.listen",
      "line": 635,
      "method": "listen",
      "native": false
    },
    {
      "column": 28,
      "file": "C:\\Users\\Rushikesh\\OneDrive\\Desktop\\ai-resume analyzer\\backend\\src\\server.ts",
      "function": "bootstrap",
      "line": 32,
      "method": null,
      "native": false
    },
    {
      "column": 5,
      "file": "node:internal/process/task_queues",
      "function": "processTicksAndRejections",
      "line": 105,
      "method": null,
      "native": false
    }
  ]
}
