2026-03-02 22:42:25 [error]: Error: listen EADDRINUSE: address already in use :::5000
    at Server.setupListenHandle [as _listen2] (node:net:1940:16)
    at listenInCluster (node:net:1997:12)
    at Server.listen (node:net:2102:7)
    at app.listen (C:\Users\Rushikesh\OneDrive\Desktop\ai-resume analyzer\backend\node_modules\express\lib\application.js:635:24)
    at bootstrap (C:\Users\Rushikesh\OneDrive\Desktop\ai-resume analyzer\backend\src\server.ts:18:28)
    at processTicksAndRejections (node:internal/process/task_queues:105:5)
{
  "error": {
    "code": "EADDRINUSE",
    "errno": -4091,
    "syscall": "listen",
    "address": "::",
    "port": 5000
  },
  "exception": true,
  "date": "Mon Mar 02 2026 22:42:25 GMT+0530 (India Standard Time)",
  "process": {
    "pid": 14208,
    "uid": null,
    "gid": null,
    "cwd": "C:\\Users\\Rushikesh\\OneDrive\\Desktop\\ai-resume analyzer\\backend",
    "execPath": "C:\\Program Files\\nodejs\\node.exe",
    "version": "v24.4.0",
    "argv": [
      "C:\\Program Files\\nodejs\\node.exe",
      "src/server.ts"
    ],
    "memoryUsage": {
      "rss": 125657088,
      "heapTotal": 107429888,
      "heapUsed": 51079488,
      "external": 22183733,
      "arrayBuffers": 18370888
    }
  },
  "os": {
    "loadavg": [
      0,
      0,
      0
    ],
    "uptime": 32345.218
  },
  "trace": [
    {
      "column": 16,
      "file": "node:net",
      "function": "Server.setupListenHandle [as _listen2]",
      "line": 1940,
      "method": "setupListenHandle [as _listen2]",
      "native": false
    },
    {
      "column": 12,
      "file": "node:net",
      "function": "listenInCluster",
      "line": 1997,
      "method": null,
      "native": false
    },
    {
      "column": 7,
      "file": "node:net",
      "function": "Server.listen",
      "line": 2102,
      "method": "listen",
      "native": false
    },
    {
      "column": 24,
      "file": "C:\\Users\\Rushikesh\\OneDrive\\Desktop\\ai-resume analyzer\\backend\\node_modules\\express\\lib\\application.js",
      "function": "app.listen",
      "line": 635,
      "method": "listen",
      "native": false
    },
    {
      "column": 28,
      "file": "C:\\Users\\Rushikesh\\OneDrive\\Desktop\\ai-resume analyzer\\backend\\src\\server.ts",
      "function": "bootstrap",
      "line": 18,
      "method": null,
      "native": false
    },
    {
      "column": 5,
      "file": "node:internal/process/task_queues",
      "function": "processTicksAndRejections",
      "line": 105,
      "method": null,
      "native": false
    }
  ]
}
2026-03-02 22:54:51 [error]: Error: listen EADDRINUSE: address already in use :::5000
    at Server.setupListenHandle [as _listen2] (node:net:1940:16)
    at listenInCluster (node:net:1997:12)
    at Server.listen (node:net:2102:7)
    at app.listen (C:\Users\Rushikesh\OneDrive\Desktop\ai-resume analyzer\backend\node_modules\express\lib\application.js:635:24)
    at bootstrap (C:\Users\Rushikesh\OneDrive\Desktop\ai-resume analyzer\backend\src\server.ts:18:28)
    at processTicksAndRejections (node:internal/process/task_queues:105:5)
{
  "error": {
    "code": "EADDRINUSE",
    "errno": -4091,
    "syscall": "listen",
    "address": "::",
    "port": 5000
  },
  "exception": true,
  "date": "Mon Mar 02 2026 22:54:51 GMT+0530 (India Standard Time)",
  "process": {
    "pid": 21364,
    "uid": null,
    "gid": null,
    "cwd": "C:\\Users\\Rushikesh\\OneDrive\\Desktop\\ai-resume analyzer\\backend",
    "execPath": "C:\\Program Files\\nodejs\\node.exe",
    "version": "v24.4.0",
    "argv": [
      "C:\\Program Files\\nodejs\\node.exe",
      "src/server.ts"
    ],
    "memoryUsage": {
      "rss": 132063232,
      "heapTotal": 109662208,
      "heapUsed": 40820520,
      "external": 22193430,
      "arrayBuffers": 18380585
    }
  },
  "os": {
    "loadavg": [
      0,
      0,
      0
    ],
    "uptime": 33090.843
  },
  "trace": [
    {
      "column": 16,
      "file": "node:net",
      "function": "Server.setupListenHandle [as _listen2]",
      "line": 1940,
      "method": "setupListenHandle [as _listen2]",
      "native": false
    },
    {
      "column": 12,
      "file": "node:net",
      "function": "listenInCluster",
      "line": 1997,
      "method": null,
      "native": false
    },
    {
      "column": 7,
      "file": "node:net",
      "function": "Server.listen",
      "line": 2102,
      "method": "listen",
      "native": false
    },
    {
      "column": 24,
      "file": "C:\\Users\\Rushikesh\\OneDrive\\Desktop\\ai-resume analyzer\\backend\\node_modules\\express\\lib\\application.js",
      "function": "app.listen",
      "line": 635,
      "method": "listen",
      "native": false
    },
    {
      "column": 28,
      "file": "C:\\Users\\Rushikesh\\OneDrive\\Desktop\\ai-resume analyzer\\backend\\src\\server.ts",
      "function": "bootstrap",
      "line": 18,
      "method": null,
      "native": false
    },
    {
      "column": 5,
      "file": "node:internal/process/task_queues",
      "function": "processTicksAndRejections",
      "line": 105,
      "method": null,
      "native": false
    }
  ]
}
2026-03-02 23:10:24 [error]: Error: listen EADDRINUSE: address already in use :::5000
    at Server.setupListenHandle [as _listen2] (node:net:1940:16)
    at listenInCluster (node:net:1997:12)
    at Server.listen (node:net:2102:7)
    at app.listen (C:\Users\Rushikesh\OneDrive\Desktop\ai-resume analyzer\backend\node_modules\express\lib\application.js:635:24)
    at bootstrap (C:\Users\Rushikesh\OneDrive\Desktop\ai-resume analyzer\backend\src\server.ts:18:28)
    at processTicksAndRejections (node:internal/process/task_queues:105:5)
{
  "error": {
    "code": "EADDRINUSE",
    "errno": -4091,
    "syscall": "listen",
    "address": "::",
    "port": 5000
  },
  "exception": true,
  "date": "Mon Mar 02 2026 23:10:24 GMT+0530 (India Standard Time)",
  "process": {
    "pid": 20820,
    "uid": null,
    "gid": null,
    "cwd": "C:\\Users\\Rushikesh\\OneDrive\\Desktop\\ai-resume analyzer\\backend",
    "execPath": "C:\\Program Files\\nodejs\\node.exe",
    "version": "v24.4.0",
    "argv": [
      "C:\\Program Files\\nodejs\\node.exe",
      "src/server.ts"
    ],
    "memoryUsage": {
      "rss": 127520768,
      "heapTotal": 108093440,
      "heapUsed": 50947120,
      "external": 22193636,
      "arrayBuffers": 18380791
    }
  },
  "os": {
    "loadavg": [
      0,
      0,
      0
    ],
    "uptime": 34024.531
  },
  "trace": [
    {
      "column": 16,
      "file": "node:net",
      "function": "Server.setupListenHandle [as _listen2]",
      "line": 1940,
      "method": "setupListenHandle [as _listen2]",
      "native": false
    },
    {
      "column": 12,
      "file": "node:net",
      "function": "listenInCluster",
      "line": 1997,
      "method": null,
      "native": false
    },
    {
      "column": 7,
      "file": "node:net",
      "function": "Server.listen",
      "line": 2102,
      "method": "listen",
      "native": false
    },
    {
      "column": 24,
      "file": "C:\\Users\\Rushikesh\\OneDrive\\Desktop\\ai-resume analyzer\\backend\\node_modules\\express\\lib\\application.js",
      "function": "app.listen",
      "line": 635,
      "method": "listen",
      "native": false
    },
    {
      "column": 28,
      "file": "C:\\Users\\Rushikesh\\OneDrive\\Desktop\\ai-resume analyzer\\backend\\src\\server.ts",
      "function": "bootstrap",
      "line": 18,
      "method": null,
      "native": false
    },
    {
      "column": 5,
      "file": "node:internal/process/task_queues",
      "function": "processTicksAndRejections",
      "line": 105,
      "method": null,
      "native": false
    }
  ]
}
